[2014-10-31 16:29:07] System.DEBUG: logger initialised: System (\Monolog\Logger) [] []
[2014-10-31 16:29:07] System.DEBUG: starting logServer (TechDivision\Server\Servers\MultiThreadedServer) [] []
[2014-10-31 16:29:32] System.DEBUG: logger initialised: System (\Monolog\Logger) [] []
[2014-10-31 16:29:32] System.DEBUG: starting logServer (TechDivision\Server\Servers\MultiThreadedServer) [] []
[2014-10-31 16:29:32] System.DEBUG: logServer init core module (\AppserverIo\LogServer\Modules\CoreModule) [] []
[2014-10-31 16:29:32] System.DEBUG: logServer init connectionHandler (\TechDivision\WebServer\ConnectionHandlers\HttpConnectionHandler) [] []
[2014-10-31 16:29:53] System.DEBUG: logger initialised: System (\Monolog\Logger) [] []
[2014-10-31 16:29:53] System.DEBUG: starting logServer (TechDivision\Server\Servers\MultiThreadedServer) [] []
[2014-10-31 16:29:53] System.DEBUG: logServer init core module (\AppserverIo\LogServer\Modules\CoreModule) [] []
[2014-10-31 16:29:53] System.DEBUG: logServer init connectionHandler (\TechDivision\WebServer\ConnectionHandlers\HttpConnectionHandler) [] []
[2014-10-31 16:29:53] System.DEBUG: logServer starting 8 workers (\TechDivision\Server\Workers\ThreadWorker) [] []
[2014-10-31 16:29:53] System.DEBUG: Successfully started worker 139756777711360 [] []
[2014-10-31 16:29:53] System.DEBUG: Successfully started worker 139756768995072 [] []
[2014-10-31 16:29:53] System.DEBUG: Successfully started worker 139756692305664 [] []
[2014-10-31 16:29:53] System.DEBUG: Successfully started worker 139756683912960 [] []
[2014-10-31 16:29:53] System.DEBUG: Successfully started worker 139756675520256 [] []
[2014-10-31 16:29:53] System.DEBUG: Successfully started worker 139756666803968 [] []
[2014-10-31 16:29:53] System.DEBUG: Successfully started worker 139756658087680 [] []
[2014-10-31 16:29:53] System.DEBUG: Successfully started worker 139756649371392 [] []
[2014-10-31 16:29:53] System.INFO: logServer listing on 0.0.0.0:9514... [] []
[2014-10-31 16:30:19] System.INFO: 127.0.0.1 - - [31/Oct/2014:16:30:19 +0100] "POST / HTTP/1.1" 500 903 "-" "-"  [] []
[2014-10-31 16:35:09] System.DEBUG: logger initialised: System (\Monolog\Logger) [] []
[2014-10-31 16:35:09] System.DEBUG: starting logServer (TechDivision\Server\Servers\MultiThreadedServer) [] []
